<?xml version="1.0" encoding="UTF-8"?>
<!-- Generated by org.testng.reporters.JUnitReportReporter -->
<testsuite hostname="SHIVA-PC" failures="0" tests="2" name="scs.Example2" time="0.008" errors="0" timestamp="2023-05-27T13:59:14 IST" skipped="0">
  <testcase classname="scs.Example2" name="testFunc2" time="0.006"/>
  <system-out/>
  <testcase classname="scs.Example2" name="testFunc1" time="0.002"/>
  <system-out/>
</testsuite> <!-- scs.Example2 -->
