<?xml version="1.0" encoding="UTF-8"?>
<!-- Generated by org.testng.reporters.JUnitReportReporter -->
<testsuite hostname="SHIVA-PC" failures="0" tests="1" name="scs.Example1" time="6.212" errors="0" timestamp="2023-05-28T11:15:41 IST" skipped="0">
  <testcase classname="scs.Example1" name="f" time="6.212"/>
  <system-out/>
</testsuite> <!-- scs.Example1 -->
